[debug] [2025-09-10T11:11:41.411Z] ----------------------------------------------------------------------
[debug] [2025-09-10T11:11:41.414Z] Command:       /usr/local/bin/firebase /Users/STPY/.cache/firebase/tools/lib/node_modules/firebase-tools/lib/bin/firebase init hosting
[debug] [2025-09-10T11:11:41.414Z] CLI Version:   14.2.2
[debug] [2025-09-10T11:11:41.414Z] Platform:      darwin
[debug] [2025-09-10T11:11:41.414Z] Node Version:  v20.18.2
[debug] [2025-09-10T11:11:41.415Z] Time:          Wed Sep 10 2025 16:41:41 GMT+0530 (India Standard Time)
[debug] [2025-09-10T11:11:41.415Z] ----------------------------------------------------------------------
[debug] 
[debug] [2025-09-10T11:11:41.422Z] > command requires scopes: ["email","openid","https://www.googleapis.com/auth/cloudplatformprojects.readonly","https://www.googleapis.com/auth/firebase","https://www.googleapis.com/auth/cloud-platform"]
[debug] [2025-09-10T11:11:41.423Z] > authorizing via signed-in user (yash@stablepay.global)
[info] 
     ######## #### ########  ######## ########     ###     ######  ########
     ##        ##  ##     ## ##       ##     ##  ##   ##  ##       ##
     ######    ##  ########  ######   ########  #########  ######  ######
     ##        ##  ##    ##  ##       ##     ## ##     ##       ## ##
     ##       #### ##     ## ######## ########  ##     ##  ######  ########

You're about to initialize a Firebase project in this directory:

  /Users/STPY/Downloads/STPY-2

[info] 
=== Project Setup
[info] 
[info] First, let's associate this project directory with a Firebase project.
[info] You can create multiple project aliases by running firebase use --add, 
[info] but for now we'll just set up a default project.
[info] 
[debug] [2025-09-10T11:11:48.854Z] Checked if tokens are valid: true, expires at: 1757506158797
[debug] [2025-09-10T11:11:48.855Z] Checked if tokens are valid: true, expires at: 1757506158797
[debug] [2025-09-10T11:11:48.857Z] >>> [apiv2][query] GET https://firebase.googleapis.com/v1beta1/projects pageSize=100
[debug] [2025-09-10T11:11:49.590Z] <<< [apiv2][status] GET https://firebase.googleapis.com/v1beta1/projects 200
[debug] [2025-09-10T11:11:49.590Z] <<< [apiv2][body] GET https://firebase.googleapis.com/v1beta1/projects [omitted]
[info] i  Using project stable-pay-yield (Stable Pay Yield) 
[info] 
=== Hosting Setup
[debug] [2025-09-10T11:11:52.132Z] Checked if tokens are valid: true, expires at: 1757506158797
[debug] [2025-09-10T11:11:52.133Z] Checked if tokens are valid: true, expires at: 1757506158797
[debug] [2025-09-10T11:11:52.133Z] >>> [apiv2][query] GET https://firebase.googleapis.com/v1beta1/projects/stable-pay-yield [none]
[debug] [2025-09-10T11:11:52.598Z] <<< [apiv2][status] GET https://firebase.googleapis.com/v1beta1/projects/stable-pay-yield 200
[debug] [2025-09-10T11:11:52.600Z] <<< [apiv2][body] GET https://firebase.googleapis.com/v1beta1/projects/stable-pay-yield {"projectId":"stable-pay-yield","projectNumber":"832071695703","displayName":"Stable Pay Yield","name":"projects/stable-pay-yield","resources":{"hostingSite":"stable-pay-yield"},"state":"ACTIVE","etag":"1_b46580dc-80e3-45d7-bebf-a79920a0e52a"}
[info] 
[info] Your public directory is the folder (relative to your project directory) that
[info] will contain Hosting assets to be uploaded with firebase deploy. If you
[info] have a build process for your assets, use your build's output directory.
[info] 
[info] ✔  Wrote public/404.html 
[debug] [2025-09-10T11:12:25.613Z] >>> [apiv2][query] GET https://www.gstatic.com/firebasejs/releases.json [none]
[debug] [2025-09-10T11:12:25.708Z] <<< [apiv2][status] GET https://www.gstatic.com/firebasejs/releases.json 200
[debug] [2025-09-10T11:12:25.708Z] <<< [apiv2][body] GET https://www.gstatic.com/firebasejs/releases.json {"current":{"version":"12.2.1","browserURL":"https://www.gstatic.com/firebasejs/12.2.1/firebase.js","packageURL":"https://www.gstatic.com/firebasejs/12.2.1/firebase.tgz"},"live":{"version":"12.2","browserURL":"https://www.gstatic.com/firebasejs/live/12.2/firebase.js","packageURL":"https://www.gstatic.com/firebasejs/live/12.2/firebase.tgz"},"components":{"ai":"https://www.gstatic.com/firebasejs/12.2.1/firebase-ai.js","analytics":"https://www.gstatic.com/firebasejs/12.2.1/firebase-analytics.js","app":"https://www.gstatic.com/firebasejs/12.2.1/firebase-app.js","app-check":"https://www.gstatic.com/firebasejs/12.2.1/firebase-app-check.js","auth":"https://www.gstatic.com/firebasejs/12.2.1/firebase-auth.js","auth/cordova":"https://www.gstatic.com/firebasejs/12.2.1/firebase-auth/cordova.js","auth/web-extension":"https://www.gstatic.com/firebasejs/12.2.1/firebase-auth/web-extension.js","functions":"https://www.gstatic.com/firebasejs/12.2.1/firebase-functions.js","firestore":"https://www.gstatic.com/firebasejs/12.2.1/firebase-firestore.js","firestore/lite":"https://www.gstatic.com/firebasejs/12.2.1/firebase-firestore/lite.js","installations":"https://www.gstatic.com/firebasejs/12.2.1/firebase-installations.js","storage":"https://www.gstatic.com/firebasejs/12.2.1/firebase-storage.js","performance":"https://www.gstatic.com/firebasejs/12.2.1/firebase-performance.js","remote-config":"https://www.gstatic.com/firebasejs/12.2.1/firebase-remote-config.js","messaging":"https://www.gstatic.com/firebasejs/12.2.1/firebase-messaging.js","messaging/sw":"https://www.gstatic.com/firebasejs/12.2.1/firebase-messaging/sw.js","database":"https://www.gstatic.com/firebasejs/12.2.1/firebase-database.js","data-connect":"https://www.gstatic.com/firebasejs/12.2.1/firebase-data-connect.js","firestore.memory":"https://www.gstatic.com/firebasejs/12.2.1/firebase-firestore.memory.js"}}
[info] ✔  Wrote public/index.html 
[info] 
[info] i  Detected a .git folder at /Users/STPY/Downloads/STPY-2 
[info] i  Authorizing with GitHub to upload your service account to a GitHub repository's secrets store. 
[info] 
[info] Visit this URL on this device to log in:
[info] https://github.com/login/oauth/authorize?client_id=89cf50f02ac6aaed3484&state=806652675&redirect_uri=http%3A%2F%2Flocalhost%3A9005&scope=read%3Auser%20repo%20public_repo
[info] 
[info] Waiting for authentication...
[debug] [2025-09-10T11:12:30.568Z] >>> [apiv2][query] POST https://github.com/login/oauth/access_token [none]
[debug] [2025-09-10T11:12:30.569Z] >>> [apiv2][body] POST https://github.com/login/oauth/access_token [stream]
[debug] [2025-09-10T11:12:31.117Z] <<< [apiv2][status] POST https://github.com/login/oauth/access_token 200
[debug] [2025-09-10T11:12:31.117Z] <<< [apiv2][body] POST https://github.com/login/oauth/access_token {"access_token":"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","token_type":"bearer","scope":"read:user,repo"}
[debug] [2025-09-10T11:12:31.124Z] >>> [apiv2][query] GET https://api.github.com/user [none]
[debug] [2025-09-10T11:12:31.618Z] <<< [apiv2][status] GET https://api.github.com/user 200
[debug] [2025-09-10T11:12:31.620Z] <<< [apiv2][body] GET https://api.github.com/user {"login":"Paystable","id":135964834,"node_id":"U_kgDOCBqoog","avatar_url":"https://avatars.githubusercontent.com/u/135964834?v=4","gravatar_id":"","url":"https://api.github.com/users/Paystable","html_url":"https://github.com/Paystable","followers_url":"https://api.github.com/users/Paystable/followers","following_url":"https://api.github.com/users/Paystable/following{/other_user}","gists_url":"https://api.github.com/users/Paystable/gists{/gist_id}","starred_url":"https://api.github.com/users/Paystable/starred{/owner}{/repo}","subscriptions_url":"https://api.github.com/users/Paystable/subscriptions","organizations_url":"https://api.github.com/users/Paystable/orgs","repos_url":"https://api.github.com/users/Paystable/repos","events_url":"https://api.github.com/users/Paystable/events{/privacy}","received_events_url":"https://api.github.com/users/Paystable/received_events","type":"User","user_view_type":"private","site_admin":false,"name":null,"company":null,"blog":"","location":null,"email":null,"hireable":null,"bio":null,"twitter_username":null,"notification_email":null,"public_repos":3,"public_gists":0,"followers":0,"following":0,"created_at":"2023-06-08T09:42:37Z","updated_at":"2025-09-09T08:04:54Z","private_gists":0,"total_private_repos":0,"owned_private_repos":0,"disk_usage":143,"collaborators":0,"two_factor_authentication":false,"plan":{"name":"free","space":976562499,"collaborators":0,"private_repos":10000}}
[info] 
[info] ✔  Success! Logged into GitHub as Paystable 
[info] 
[debug] [2025-09-10T11:13:22.849Z] >>> [apiv2][query] GET https://api.github.com/repos//actions/secrets/public-key type=owner
[debug] [2025-09-10T11:13:23.429Z] <<< [apiv2][status] GET https://api.github.com/repos//actions/secrets/public-key 404
[debug] [2025-09-10T11:13:23.429Z] <<< [apiv2][body] GET https://api.github.com/repos//actions/secrets/public-key {"message":"Not Found","documentation_url":"https://docs.github.com/rest","status":"404"}
[info] 
[info] 
[error] ⚠  The provided authorization cannot be used with this repository. If this repository is in an organization, did you remember to grant access? 
[info] 
[info] i  Action required: Visit this URL to ensure access has been granted to the appropriate organization(s) for the Firebase CLI GitHub OAuth App: 
[info] https://github.com/settings/connections/applications/89cf50f02ac6aaed3484
[info] 
[debug] [2025-09-10T11:13:46.654Z] >>> [apiv2][query] GET https://api.github.com/repos/repository/actions/secrets/public-key type=owner
[debug] [2025-09-10T11:13:47.039Z] <<< [apiv2][status] GET https://api.github.com/repos/repository/actions/secrets/public-key 404
[debug] [2025-09-10T11:13:47.040Z] <<< [apiv2][body] GET https://api.github.com/repos/repository/actions/secrets/public-key {"message":"Not Found","documentation_url":"https://docs.github.com/rest","status":"404"}
[info] 
[info] 
[error] ⚠  The provided authorization cannot be used with this repository. If this repository is in an organization, did you remember to grant access? 
[info] 
[info] i  Action required: Visit this URL to ensure access has been granted to the appropriate organization(s) for the Firebase CLI GitHub OAuth App: 
[info] https://github.com/settings/connections/applications/89cf50f02ac6aaed3484
[info] 
[debug] [2025-09-10T11:13:52.008Z] >>> [apiv2][query] GET https://api.github.com/repos/repository/actions/secrets/public-key type=owner
[debug] [2025-09-10T11:13:52.390Z] <<< [apiv2][status] GET https://api.github.com/repos/repository/actions/secrets/public-key 404
[debug] [2025-09-10T11:13:52.391Z] <<< [apiv2][body] GET https://api.github.com/repos/repository/actions/secrets/public-key {"message":"Not Found","documentation_url":"https://docs.github.com/rest","status":"404"}
[info] 
[info] 
[error] ⚠  The provided authorization cannot be used with this repository. If this repository is in an organization, did you remember to grant access? 
[info] 
[info] i  Action required: Visit this URL to ensure access has been granted to the appropriate organization(s) for the Firebase CLI GitHub OAuth App: 
[info] https://github.com/settings/connections/applications/89cf50f02ac6aaed3484
[info] 
[debug] [2025-09-10T11:14:15.773Z] >>> [apiv2][query] GET https://api.github.com/repos/repository/actions/secrets/public-key type=owner
[debug] [2025-09-10T11:14:16.143Z] <<< [apiv2][status] GET https://api.github.com/repos/repository/actions/secrets/public-key 404
[debug] [2025-09-10T11:14:16.143Z] <<< [apiv2][body] GET https://api.github.com/repos/repository/actions/secrets/public-key {"message":"Not Found","documentation_url":"https://docs.github.com/rest","status":"404"}
[info] 
[info] 
[error] ⚠  The provided authorization cannot be used with this repository. If this repository is in an organization, did you remember to grant access? 
[info] 
[info] i  Action required: Visit this URL to ensure access has been granted to the appropriate organization(s) for the Firebase CLI GitHub OAuth App: 
[info] https://github.com/settings/connections/applications/89cf50f02ac6aaed3484
[info] 
